<?xml version="1.0" encoding="UTF-8"?>
<!-- Generated by org.testng.reporters.JUnitXMLReporter -->
<testsuite hostname="DESKTOP-IMFD16G" ignored="0" name="Surefire test" tests="3" failures="0" timestamp="2023-01-17T15:59:47 IST" time="3.587" errors="0">
  <testcase name="@BeforeTest OpenBrowser" time="3.544" classname="Academy.E2EProjectAgain.LoginPageTest">
    <failure type="org.openqa.selenium.SessionNotCreatedException" message="Could not start a new session. Response code 500. Message: session not created: This version of ChromeDriver only supports Chrome version 107
Current browser version is 109.0.5414.75 with binary path C:\Program Files\Google\Chrome\Application\chrome.exe
Build info: version: &amp;apos;4.1.1&amp;apos;, revision: &amp;apos;e8fcc2cecf&amp;apos;
System info: host: &amp;apos;DESKTOP-IMFD16G&amp;apos;, ip: &amp;apos;172.29.40.112&amp;apos;, os.name: &amp;apos;Windows 10&amp;apos;, os.arch: &amp;apos;amd64&amp;apos;, os.version: &amp;apos;10.0&amp;apos;, java.version: &amp;apos;1.8.0_275&amp;apos;
Driver info: org.openqa.selenium.chrome.ChromeDriver
Command: [null, newSession {capabilities=[Capabilities {browserName: chrome, goog:chromeOptions: {args: [], extensions: []}}], desiredCapabilities=Capabilities {browserName: chrome, goog:chromeOptions: {args: [], extensions: []}}}]">
      <![CDATA[org.openqa.selenium.SessionNotCreatedException: Could not start a new session. Response code 500. Message: session not created: This version of ChromeDriver only supports Chrome version 107
Current browser version is 109.0.5414.75 with binary path C:\Program Files\Google\Chrome\Application\chrome.exe
Build info: version: '4.1.1', revision: 'e8fcc2cecf'
System info: host: 'DESKTOP-IMFD16G', ip: '172.29.40.112', os.name: 'Windows 10', os.arch: 'amd64', os.version: '10.0', java.version: '1.8.0_275'
Driver info: org.openqa.selenium.chrome.ChromeDriver
Command: [null, newSession {capabilities=[Capabilities {browserName: chrome, goog:chromeOptions: {args: [], extensions: []}}], desiredCapabilities=Capabilities {browserName: chrome, goog:chromeOptions: {args: [], extensions: []}}}]
at org.openqa.selenium.remote.ProtocolHandshake.createSession(ProtocolHandshake.java:126)
at org.openqa.selenium.remote.ProtocolHandshake.createSession(ProtocolHandshake.java:84)
at org.openqa.selenium.remote.ProtocolHandshake.createSession(ProtocolHandshake.java:62)
at org.openqa.selenium.remote.HttpCommandExecutor.execute(HttpCommandExecutor.java:156)
at org.openqa.selenium.remote.service.DriverCommandExecutor.invokeExecute(DriverCommandExecutor.java:167)
at org.openqa.selenium.remote.service.DriverCommandExecutor.execute(DriverCommandExecutor.java:142)
at org.openqa.selenium.remote.RemoteWebDriver.execute(RemoteWebDriver.java:543)
at org.openqa.selenium.remote.RemoteWebDriver.startSession(RemoteWebDriver.java:230)
at org.openqa.selenium.remote.RemoteWebDriver.<init>(RemoteWebDriver.java:151)
at org.openqa.selenium.chromium.ChromiumDriver.<init>(ChromiumDriver.java:108)
at org.openqa.selenium.chrome.ChromeDriver.<init>(ChromeDriver.java:104)
at org.openqa.selenium.chrome.ChromeDriver.<init>(ChromeDriver.java:91)
at org.openqa.selenium.chrome.ChromeDriver.<init>(ChromeDriver.java:46)
at resources.Base.initializeDriver(Base.java:29)
at Academy.E2EProjectAgain.LoginPageTest.OpenBrowser(LoginPageTest.java:22)
... Removed 29 stack frames]]>
    </failure>
  </testcase> <!-- @BeforeTest OpenBrowser -->
  <testcase name="@BeforeTest OpenBrowser" time="0.0" classname="Academy.E2EProjectAgain.ValidateNavbarTest">
    <skipped/>
  </testcase> <!-- @BeforeTest OpenBrowser -->
  <testcase name="@AfterTest CloseBrowser" time="0.0" classname="Academy.E2EProjectAgain.LoginPageTest">
    <skipped/>
  </testcase> <!-- @AfterTest CloseBrowser -->
  <testcase name="@AfterTest CloseBrowser" time="0.0" classname="Academy.E2EProjectAgain.ValidateNavbarTest">
    <skipped/>
  </testcase> <!-- @AfterTest CloseBrowser -->
  <testcase name="LoginFunctionality" time="0.0" classname="Academy.E2EProjectAgain.LoginPageTest">
    <skipped/>
  </testcase> <!-- LoginFunctionality -->
  <testcase name="LoginFunctionality" time="0.0" classname="Academy.E2EProjectAgain.LoginPageTest">
    <skipped/>
  </testcase> <!-- LoginFunctionality -->
  <testcase name="ValidateNav" time="0.0" classname="Academy.E2EProjectAgain.ValidateNavbarTest">
    <skipped/>
  </testcase> <!-- ValidateNav -->
</testsuite> <!-- Surefire test -->
